[2025-02-08 15:52:50] [Client thread/INFO] [CustomSkinLoader Core]: CustomSkinLoader 14.22
[2025-02-08 15:52:50] [Client thread/INFO] [CustomSkinLoader Core]: DataDir: Z:\Minecraft\1.12.2\js\CustomSkinLoader
[2025-02-08 15:52:50] [Client thread/INFO] [CustomSkinLoader Core]: Operating System: Windows 11 (amd64) version 10.0
[2025-02-08 15:52:50] [Client thread/INFO] [CustomSkinLoader Core]: Java Version: 1.8.0_391, Oracle Corporation
[2025-02-08 15:52:50] [Client thread/INFO] [CustomSkinLoader Core]: Java VM Version: Java HotSpot(TM) 64-Bit Server VM (mixed mode), Oracle Corporation
[2025-02-08 15:52:50] [Client thread/INFO] [CustomSkinLoader Core]: Minecraft: 1.12.2
[2025-02-08 15:52:50] [Client thread/INFO] [CustomSkinLoader Core]: Config File: Z:\Minecraft\1.12.2\js\CustomSkinLoader\CustomSkinLoader.json
[2025-02-08 15:52:50] [Client thread/INFO] [CustomSkinLoader Core]: Try to load config.
[2025-02-08 15:52:50] [Client thread/INFO] [CustomSkinLoader Core]: Successfully load config.
[2025-02-08 15:52:50] [Client thread/INFO] [CustomSkinLoader Core]: Add a profile loader: MojangAPI
[2025-02-08 15:52:50] [Client thread/INFO] [CustomSkinLoader Core]: Add a profile loader: Legacy
[2025-02-08 15:52:50] [Client thread/INFO] [CustomSkinLoader Core]: Add a profile loader: CustomSkinAPI
[2025-02-08 15:52:50] [Client thread/INFO] [CustomSkinLoader Core]: Add a profile loader: CustomSKinAPIPlus
[2025-02-08 15:52:50] [Client thread/INFO] [CustomSkinLoader Core]: Add a profile loader: UniSkinAPI
[2025-02-08 15:52:50] [Client thread/INFO] [CustomSkinLoader Core]: Add a profile loader: ElyByAPI
[2025-02-08 15:52:50] [Client thread/INFO] [CustomSkinLoader Core]: Add a profile loader: GlitchlessAPI
[2025-02-08 15:52:50] [Client thread/INFO] [CustomSkinLoader Core]: Add a profile loader: MinecraftCapesAPI
[2025-02-08 15:52:50] [Client thread/INFO] [CustomSkinLoader Core]: Add a profile loader: WynntilsAPI
[2025-02-08 15:52:50] [Client thread/INFO] [CustomSkinLoader Core]: Successfully update config.
[2025-02-08 15:52:50] [Client thread/INFO] [CustomSkinLoader Core]: version : 14.22
[2025-02-08 15:52:50] [Client thread/INFO] [CustomSkinLoader Core]: buildNumber : 31
[2025-02-08 15:52:50] [Client thread/INFO] [CustomSkinLoader Core]: loadlist : [{ "name": "Mojang", "type": "MojangAPI", "apiRoot": "https://api.mojang.com/", "sessionRoot": "https://sessionserver.mojang.com/" }, { "name": "LittleSkin", "type": "CustomSkinAPI", "root": "https://littleskin.cn/csl/" }, { "name": "BlessingSkin", "type": "CustomSkinAPI", "root": "https://skin.prinzeugen.net/" }, { "name": "ElyBy", "type": "ElyByAPI", "root": "http://skinsystem.ely.by/textures/" }, { "name": "SkinMe", "type": "UniSkinAPI", "root": "http://www.skinme.cc/uniskin/" }, { "name": "TLauncher", "type": "ElyByAPI", "root": "https://auth.tlauncher.org/skin/profile/texture/login/" }, { "name": "GlitchlessGames", "type": "GlitchlessAPI", "root": "https://games.glitchless.ru/api/minecraft/users/profiles/textures/?nickname=" }, { "name": "LocalSkin", "type": "Legacy", "checkPNG": "false", "skin": "LocalSkin/skins/{USERNAME}.png", "model": "auto", "cape": "LocalSkin/capes/{USERNAME}.png", "elytra": "LocalSkin/elytras/{USERNAME}.png" }, { "name": "MinecraftCapes", "type": "MinecraftCapesAPI", "root": "https://api.minecraftcapes.net/profile/" }, { "name": "OptiFine", "type": "Legacy", "checkPNG": "false", "model": "auto", "cape": "https://optifine.net/capes/{USERNAME}.png" }, { "name": "Wynntils", "type": "WynntilsAPI", "root": "https://athena.wynntils.com/user/getInfo" }, { "name": "CloakPlus", "type": "Legacy", "checkPNG": "false", "model": "auto", "cape": "http://161.35.130.99/capes/{USERNAME}.png" }, { "name": "LabyMod", "type": "Legacy", "checkPNG": "false", "model": "auto", "cape": "https://dl.labymod.net/capes/{STANDARD_UUID}" }, { "name": "Cosmetica", "type": "Legacy", "checkPNG": "false", "model": "auto", "cape": "https://api.cosmetica.cc/get/cloak?username={USERNAME}&uuid={STANDARD_UUID}&nothirdparty" }]
[2025-02-08 15:52:50] [Client thread/INFO] [CustomSkinLoader Core]: enableDynamicSkull : true
[2025-02-08 15:52:50] [Client thread/INFO] [CustomSkinLoader Core]: enableTransparentSkin : true
[2025-02-08 15:52:50] [Client thread/INFO] [CustomSkinLoader Core]: forceLoadAllTextures : true
[2025-02-08 15:52:50] [Client thread/INFO] [CustomSkinLoader Core]: enableCape : true
[2025-02-08 15:52:50] [Client thread/INFO] [CustomSkinLoader Core]: threadPoolSize : 8
[2025-02-08 15:52:50] [Client thread/INFO] [CustomSkinLoader Core]: enableLogStdOut : false
[2025-02-08 15:52:50] [Client thread/INFO] [CustomSkinLoader Core]: cacheExpiry : 30
[2025-02-08 15:52:50] [Client thread/INFO] [CustomSkinLoader Core]: forceUpdateSkull : false
[2025-02-08 15:52:50] [Client thread/INFO] [CustomSkinLoader Core]: enableLocalProfileCache : false
[2025-02-08 15:52:50] [Client thread/INFO] [CustomSkinLoader Core]: enableCacheAutoClean : false
[2025-02-08 15:52:50] [Client thread/INFO] [CustomSkinLoader Core]: forceDisableCache : false
[2025-02-08 15:52:50] [Ucatbinn/INFO] [CustomSkinLoader Core]: Loading Ucatbinn's profile.
[2025-02-08 15:52:50] [Ucatbinn/INFO] [CustomSkinLoader Core]: 1/14 Try to load profile from 'Mojang'.
[2025-02-08 15:52:50] [Ucatbinn/DEBUG] [CustomSkinLoader Core]: Try to request 'https://api.mojang.com/profiles/minecraft'.
[2025-02-08 15:52:50] [Ucatbinn/INFO] [CustomSkinLoader Core]: Payload: ["Ucatbinn"]
[2025-02-08 15:52:51] [Ucatbinn/DEBUG] [CustomSkinLoader Core]: Successfully request (Response Code: 200 , Content Length: 74)
[2025-02-08 15:52:51] [Ucatbinn/DEBUG] [CustomSkinLoader Core]: Content: [ {
  "id" : "cadc6c98b8724951889713107ff18013",
  "name" : "Ucatbinn"
} ]
[2025-02-08 15:52:51] [Ucatbinn/DEBUG] [CustomSkinLoader Core]: Try to request 'https://sessionserver.mojang.com/session/minecraft/profile/cadc6c98b8724951889713107ff18013'.
[2025-02-08 15:52:51] [Ucatbinn/DEBUG] [CustomSkinLoader Core]: Successfully request (Response Code: 200 , Content Length: 610)
[2025-02-08 15:52:51] [Ucatbinn/DEBUG] [CustomSkinLoader Core]: Saved to cache (Length: 610 , Path: 'Z:\Minecraft\1.12.2\js\CustomSkinLoader\caches\ddaba055b96ddb9648ec6c5a6032878e680444fa' , Expire: 1739001201)
[2025-02-08 15:52:51] [Ucatbinn/DEBUG] [CustomSkinLoader Core]: Content: {
  "id" : "cadc6c98b8724951889713107ff18013",
  "name" : "Ucatbinn",
  "properties" : [ {
    "name" : "textures",
    "value" : "ewogICJ0aW1lc3RhbXAiIDogMTczOTAwMTE3MTM4NSwKICAicHJvZmlsZUlkIiA6ICJjYWRjNmM5OGI4NzI0OTUxODg5NzEzMTA3ZmYxODAxMyIsCiAgInByb2ZpbGVOYW1lIiA6ICJVY2F0YmlubiIsCiAgInRleHR1cmVzIiA6IHsKICAgICJTS0lOIiA6IHsKICAgICAgInVybCIgOiAiaHR0cDovL3RleHR1cmVzLm1pbmVjcmFmdC5uZXQvdGV4dHVyZS81YzZmZTEyZTVjY2UyMzg0MzE2N2M5Y2VkODVjM2I1YWUxN2I4Y2RlNTY5ZDMxYzhmOWJjZTMxMjFkMzkyZDg2IiwKICAgICAgIm1ldGFkYXRhIiA6IHsKICAgICAgICAibW9kZWwiIDogInNsaW0iCiAgICAgIH0KICAgIH0KICB9Cn0="
  } ],
  "profileActions" : [ ]
}
[2025-02-08 15:52:51] [Ucatbinn/INFO] [CustomSkinLoader Core]: 2/14 Try to load profile from 'LittleSkin'.
[2025-02-08 15:52:51] [Ucatbinn/DEBUG] [CustomSkinLoader Core]: Try to request 'https://littleskin.cn/csl/Ucatbinn.json'.
[2025-02-08 15:52:51] [Ucatbinn/DEBUG] [CustomSkinLoader Core]: Successfully request (Response Code: 200 , Content Length: 119)
[2025-02-08 15:52:51] [Ucatbinn/DEBUG] [CustomSkinLoader Core]: Saved to cache (Length: 119 , Path: 'Z:\Minecraft\1.12.2\js\CustomSkinLoader\caches\76907f1da8ed044d3ab53fff4cc4b96eebf2a306' , Expire: 1739001261)
[2025-02-08 15:52:51] [Ucatbinn/DEBUG] [CustomSkinLoader Core]: Content: {"username":"Ucatbinn","skins":{"slim":"bef5e4c68d14d1979aa4fa943bda9045508b0a3cab321931ef431d1ffe44cb48"},"cape":null}
[2025-02-08 15:52:51] [Ucatbinn/INFO] [CustomSkinLoader Core]: 3/14 Try to load profile from 'BlessingSkin'.
[2025-02-08 15:52:51] [Ucatbinn/DEBUG] [CustomSkinLoader Core]: Try to request 'https://skin.prinzeugen.net/Ucatbinn.json'.
[2025-02-08 15:52:53] [Ucatbinn/DEBUG] [CustomSkinLoader Core]: Failed to request (Response Code: 404)
[2025-02-08 15:52:53] [Ucatbinn/INFO] [CustomSkinLoader Core]: Profile not found.
[2025-02-08 15:52:53] [Ucatbinn/INFO] [CustomSkinLoader Core]: 4/14 Try to load profile from 'ElyBy'.
[2025-02-08 15:52:53] [Ucatbinn/DEBUG] [CustomSkinLoader Core]: Try to request 'http://skinsystem.ely.by/textures/Ucatbinn'.
[2025-02-08 15:52:54] [Ucatbinn/DEBUG] [CustomSkinLoader Core]: Successfully request (Response Code: 200 , Content Length: 149)
[2025-02-08 15:52:54] [Ucatbinn/DEBUG] [CustomSkinLoader Core]: Saved to c[2025-02-08 15:53:02] [Ucatbinn/INFO] [CustomSkinLoader Forge]: [CSL DEBUG] Successfully transformed method run in class net.minecraft.client.resources.SkinManager$3$1
n/DEBUG] [CustomSkinLoader Core]: Content: {"SKIN":{"url":"http://textures.minecraft.net/texture/5c6fe12e5cce23843167c9ced85c3b5ae17b8cde569d31c8f9bce3121d392d86","metadata":{"model":"slim"}}}
[2025-02-08 15:52:54] [Ucatbinn/INFO] [CustomSkinLoader Core]: 5/14 Try to load profile from 'SkinMe'.
[2025-02-08 15:52:54] [Ucatbinn/DEBUG] [CustomSkinLoader Core]: Try to request 'http://www.skinme.cc/uniskin/Ucatbinn.json'.
[2025-02-08 15:52:54] [Ucatbinn/DEBUG] [CustomSkinLoader Core]: Failed to request http://www.skinme.cc/uniskin/Ucatbinn.json (Exception: java.net.UnknownHostException: www.skinme.cc)
[2025-02-08 15:52:54] [Ucatbinn/INFO] [CustomSkinLoader Core]: Profile not found.
[2025-02-08 15:52:54] [Ucatbinn/INFO] [CustomSkinLoader Core]: 6/14 Try to load profile from 'TLauncher'.
[2025-02-08 15:52:54] [Ucatbinn/DEBUG] [CustomSkinLoader Core]: Try to request 'https://auth.tlauncher.org/skin/profile/texture/login/Ucatbinn'.
[2025-02-08 15:52:56] [Ucatbinn/DEBUG] [CustomSkinLoader Core]: Successfully request (Response Code: 200 , Content Length: -1)
[2025-02-08 15:52:56] [Ucatbinn/DEBUG] [CustomSkinLoader Core]: Saved to cache (Length: 2 , Path: 'Z:\Minecraft\1.12.2\js\CustomSkinLoader\caches\0dd1d25bf90e1ee712c6e235d537adb73232268a' , Expire: 1739001271)
[2025-02-08 15:52:56] [Ucatbinn/DEBUG] [CustomSkinLoader Core]: Content: {}
[2025-02-08 15:52:56] [Ucatbinn/INFO] [CustomSkinLoader Core]: Both skin and cape not found.
[2025-02-08 15:52:56] [Ucatbinn/INFO] [CustomSkinLoader Core]: 7/14 Try to load profile from 'GlitchlessGames'.
[2025-02-08 15:52:56] [Ucatbinn/DEBUG] [CustomSkinLoader Core]: Try to request 'https://games.glitchless.ru/api/minecraft/users/profiles/textures/?nickname=Ucatbinn'.
[2025-02-08 15:52:57] [Ucatbinn/DEBUG] [CustomSkinLoader Core]: Failed to request (Response Code: 404)
[2025-02-08 15:52:57] [Ucatbinn/INFO] [CustomSkinLoader Core]: Profile not found.
[2025-02-08 15:52:57] [Ucatbinn/INFO] [CustomSkinLoader Core]: 8/14 Try to load profile from 'LocalSkin'.
[2025-02-08 15:52:57] [Ucatbinn/INFO] [CustomSkinLoader Core]: No texture could be found.
[2025-02-08 15:52:57] [Ucatbinn/INFO] [CustomSkinLoader Core]: 9/14 Try to load profile from 'MinecraftCapes'.
[2025-02-08 15:52:57] [Ucatbinn/DEBUG] [CustomSkinLoader Core]: Try to request 'https://api.minecraftcapes.net/profile/cadc6c98b8724951889713107ff18013'.
[2025-02-08 15:52:57] [Ucatbinn/DEBUG] [CustomSkinLoader Core]: Cache file found (Length: 96 , Path: 'Z:\Minecraft\1.12.2\js\CustomSkinLoader\caches\f136a8647af10b6745ab45bff4c4ccab53fac1c8' , Expire: 1740628939)
[2025-02-08 15:52:57] [Ucatbinn/INFO] [CustomSkinLoader Core]: Try to load from cache 'Z:\Minecraft\1.12.2\js\CustomSkinLoader\caches\f136a8647af10b6745ab45bff4c4ccab53fac1c8'.
[2025-02-08 15:52:57] [Ucatbinn/DEBUG] [CustomSkinLoader Core]: Successfully load from cache
[2025-02-08 15:52:57] [Ucatbinn/DEBUG] [CustomSkinLoader Core]: Content: {"animatedCape":false,"capeGlint":false,"upsideDown":false,"textures":{"cape":null,"ears":null}}
[2025-02-08 15:52:57] [Ucatbinn/INFO] [CustomSkinLoader Core]: Both skin and cape not found.
[2025-02-08 15:52:57] [Ucatbinn/INFO] [CustomSkinLoader Core]: 10/14 Try to load profile from 'OptiFine'.
[2025-02-08 15:52:57] [Ucatbinn/DEBUG] [CustomSkinLoader Core]: Try to request 'https://optifine.net/capes/Ucatbinn.png'.
[2025-02-08 15:52:59] [Ucatbinn/DEBUG] [CustomSkinLoader Core]: Failed to request (Response Code: 403)
[2025-02-08 15:52:59] [Ucatbinn/INFO] [CustomSkinLoader Core]: No texture could be found.
[2025-02-08 15:52:59] [Ucatbinn/INFO] [CustomSkinLoader Core]: 11/14 Try to load profile from 'Wynntils'.
[2025-02-08 15:52:59] [Ucatbinn/DEBUG] [CustomSkinLoader Core]: Try to request 'https://athena.wynntils.com/user/getInfo'.
[2025-02-08 15:52:59] [Ucatbinn/INFO] [CustomSkinLoader Core]: Payload: {"uuid":"cadc6c98-b872-4951-8897-13107ff18013"}
[2025-02-08 15:53:00] [Ucatbinn/DEBUG] [CustomSkinLoader Core]: Failed to request (Response Code: 404)
[2025-02-08 15:53:00] [Ucatbinn/INFO] [CustomSkinLoader Core]: Profile not found.
[2025-02-08 15:53:00] [Ucatbinn/INFO] [CustomSkinLoader Core]: 12/14 Try to load profile from 'CloakPlus'.
[2025-02-08 15:53:00] [Ucatbinn/DEBUG] [CustomSkinLoader Core]: Try to request 'http://161.35.130.99/capes/Ucatbinn.png'.
[2025-02-08 15:53:00] [Ucatbinn/DEBUG] [CustomSkinLoader Core]: Failed to request (Response Code: 404)
[2025-02-08 15:53:00] [Ucatbinn/INFO] [CustomSkinLoader Core]: No texture could be found.
[2025-02-08 15:53:00] [Ucatbinn/INFO] [CustomSkinLoader Core]: 13/14 Try to load profile from 'LabyMod'.
[2025-02-08 15:53:00] [Ucatbinn/DEBUG] [CustomSkinLoader Core]: Try to request 'https://dl.labymod.net/capes/cadc6c98-b872-4951-8897-13107ff18013'.
[2025-02-08 15:53:02] [Ucatbinn/DEBUG] [CustomSkinLoader Core]: Successfully request (Response Code: 304 , Content Length: -1)
[2025-02-08 15:53:02] [Ucatbinn/DEBUG] [CustomSkinLoader Core]: Cache file found (Length: 69159 , Path: 'Z:\Minecraft\1.12.2\js\CustomSkinLoader\caches\d778fcd7d541e53952de1809da3921c47cd95393' , Expire: 0)
[2025-02-08 15:53:02] [Ucatbinn/INFO] [CustomSkinLoader Core]: Ucatbinn's profile loaded.
[2025-02-08 15:53:02] [Ucatbinn/INFO] [CustomSkinLoader Core]: (SkinUrl: http://textures.minecraft.net/texture/5c6fe12e5cce23843167c9ced85c3b5ae17b8cde569d31c8f9bce3121d392d86 , Model: slim , CapeUrl: (LEGACY)https://dl.labymod.net/capes/cadc6c98-b872-4951-8897-13107ff18013  , Expiry: 1739001212)
